# JRE version: OpenJDK Runtime Environment (8.0_242-b01) (build 1.8.0_242-release-1644-b01)
# Java VM: OpenJDK 64-Bit Server VM (25.242-b01 mixed mode windows-amd64 compressed oops)
Heap:
 PSYoungGen      total 494592K, used 172086K [0x00000000e0000000, 0x0000000100000000, 0x0000000100000000)
  eden space 472064K, 31% used [0x00000000e0000000,0x00000000e92123f0,0x00000000fcd00000)
  from space 22528K, 99% used [0x00000000fea00000,0x00000000ffffb730,0x0000000100000000)
  to   space 26112K, 0% used [0x00000000fcd00000,0x00000000fcd00000,0x00000000fe680000)
 ParOldGen       total 189440K, used 58535K [0x00000000a0000000, 0x00000000ab900000, 0x00000000e0000000)
  object space 189440K, 30% used [0x00000000a0000000,0x00000000a3929fe0,0x00000000ab900000)
 Metaspace       used 83755K, capacity 89578K, committed 89856K, reserved 1126400K
  class space    used 10997K, capacity 12191K, committed 12288K, reserved 1048576K
GC Heap History (10 events):
Event: 31.920 GC heap before
{Heap before GC invocations=15 (full 3):
 PSYoungGen      total 200192K, used 179712K [0x00000000e0000000, 0x00000000f2f00000, 0x0000000100000000)
  eden space 179712K, 100% used [0x00000000e0000000,0x00000000eaf80000,0x00000000eaf80000)
  from space 20480K, 0% used [0x00000000eaf80000,0x00000000eaf80000,0x00000000ec380000)
  to   space 19968K, 0% used [0x00000000f1b80000,0x00000000f1b80000,0x00000000f2f00000)
 ParOldGen       total 189440K, used 33863K [0x00000000a0000000, 0x00000000ab900000, 0x00000000e0000000)
  object space 189440K, 17% used [0x00000000a0000000,0x00000000a2111e20,0x00000000ab900000)
 Metaspace       used 64276K, capacity 67334K, committed 67456K, reserved 1107968K
  class space    used 8660K, capacity 9314K, committed 9344K, reserved 1048576K
Event: 31.943 GC heap after
Heap after GC invocations=15 (full 3):
 PSYoungGen      total 285184K, used 17171K [0x00000000e0000000, 0x00000000f2e00000, 0x0000000100000000)
  eden space 266240K, 0% used [0x00000000e0000000,0x00000000e0000000,0x00000000f0400000)
  from space 18944K, 90% used [0x00000000f1b80000,0x00000000f2c44eb0,0x00000000f2e00000)
  to   space 21504K, 0% used [0x00000000f0400000,0x00000000f0400000,0x00000000f1900000)
 ParOldGen       total 189440K, used 33871K [0x00000000a0000000, 0x00000000ab900000, 0x00000000e0000000)
  object space 189440K, 17% used [0x00000000a0000000,0x00000000a2113e20,0x00000000ab900000)
 Metaspace       used 64276K, capacity 67334K, committed 67456K, reserved 1107968K
  class space    used 8660K, capacity 9314K, committed 9344K, reserved 1048576K
}
Event: 43.497 GC heap before
{Heap before GC invocations=16 (full 3):
 PSYoungGen      total 285184K, used 283406K [0x00000000e0000000, 0x00000000f2e00000, 0x0000000100000000)
  eden space 266240K, 99% used [0x00000000e0000000,0x00000000f03fe9b0,0x00000000f0400000)
  from space 18944K, 90% used [0x00000000f1b80000,0x00000000f2c44eb0,0x00000000f2e00000)
  to   space 21504K, 0% used [0x00000000f0400000,0x00000000f0400000,0x00000000f1900000)
 ParOldGen       total 189440K, used 33871K [0x00000000a0000000, 0x00000000ab900000, 0x00000000e0000000)
  object space 189440K, 17% used [0x00000000a0000000,0x00000000a2113e20,0x00000000ab900000)
 Metaspace       used 70782K, capacity 74592K, committed 74752K, reserved 1114112K
  class space    used 9413K, capacity 10156K, committed 10240K, reserved 1048576K
Event: 43.545 GC heap after
Heap after GC invocations=16 (full 3):
 PSYoungGen      total 287744K, used 15683K [0x00000000e0000000, 0x00000000fa500000, 0x0000000100000000)
  eden space 266240K, 0% used [0x00000000e0000000,0x00000000e0000000,0x00000000f0400000)
  from space 21504K, 72% used [0x00000000f0400000,0x00000000f1350f98,0x00000000f1900000)
  to   space 22016K, 0% used [0x00000000f8f80000,0x00000000f8f80000,0x00000000fa500000)
 ParOldGen       total 189440K, used 44983K [0x00000000a0000000, 0x00000000ab900000, 0x00000000e0000000)
  object space 189440K, 23% used [0x00000000a0000000,0x00000000a2bedea0,0x00000000ab900000)
 Metaspace       used 70782K, capacity 74592K, committed 74752K, reserved 1114112K
  class space    used 9413K, capacity 10156K, committed 10240K, reserved 1048576K
}
Event: 44.415 GC heap before
{Heap before GC invocations=17 (full 3):
 PSYoungGen      total 287744K, used 281923K [0x00000000e0000000, 0x00000000fa500000, 0x0000000100000000)
  eden space 266240K, 100% used [0x00000000e0000000,0x00000000f0400000,0x00000000f0400000)
  from space 21504K, 72% used [0x00000000f0400000,0x00000000f1350f98,0x00000000f1900000)
  to   space 22016K, 0% used [0x00000000f8f80000,0x00000000f8f80000,0x00000000fa500000)
 ParOldGen       total 189440K, used 44983K [0x00000000a0000000, 0x00000000ab900000, 0x00000000e0000000)
  object space 189440K, 23% used [0x00000000a0000000,0x00000000a2bedea0,0x00000000ab900000)
 Metaspace       used 70831K, capacity 74656K, committed 75008K, reserved 1114112K
  class space    used 9413K, capacity 10156K, committed 10240K, reserved 1048576K
Event: 44.437 GC heap after
Heap after GC invocations=17 (full 3):
 PSYoungGen      total 401920K, used 1376K [0x00000000e0000000, 0x00000000fa280000, 0x0000000100000000)
  eden space 382464K, 0% used [0x00000000e0000000,0x00000000e0000000,0x00000000f7580000)
  from space 19456K, 7% used [0x00000000f8f80000,0x00000000f90d8000,0x00000000fa280000)
  to   space 23040K, 0% used [0x00000000f7580000,0x00000000f7580000,0x00000000f8c00000)
 ParOldGen       total 189440K, used 57577K [0x00000000a0000000, 0x00000000ab900000, 0x00000000e0000000)
  object space 189440K, 30% used [0x00000000a0000000,0x00000000a383a580,0x00000000ab900000)
 Metaspace       used 70831K, capacity 74656K, committed 75008K, reserved 1114112K
  class space    used 9413K, capacity 10156K, committed 10240K, reserved 1048576K
}
Event: 45.406 GC heap before
{Heap before GC invocations=18 (full 3):
 PSYoungGen      total 401920K, used 383840K [0x00000000e0000000, 0x00000000fa280000, 0x0000000100000000)
  eden space 382464K, 100% used [0x00000000e0000000,0x00000000f7580000,0x00000000f7580000)
  from space 19456K, 7% used [0x00000000f8f80000,0x00000000f90d8000,0x00000000fa280000)
  to   space 23040K, 0% used [0x00000000f7580000,0x00000000f7580000,0x00000000f8c00000)
 ParOldGen       total 189440K, used 57590K [0x00000000a0000000, 0x00000000ab900000, 0x00000000e0000000)
  object space 189440K, 30% used [0x00000000a0000000,0x00000000a383db30,0x00000000ab900000)
 Metaspace       used 70832K, capacity 74656K, committed 75008K, reserved 1114112K
  class space    used 9413K, capacity 10156K, committed 10240K, reserved 1048576K
Event: 45.414 GC heap after
Heap after GC invocations=18 (full 3):
 PSYoungGen      total 405504K, used 5462K [0x00000000e0000000, 0x0000000100000000, 0x0000000100000000)
  eden space 382464K, 0% used [0x00000000e0000000,0x00000000e0000000,0x00000000f7580000)
  from space 23040K, 23% used [0x00000000f7580000,0x00000000f7ad5970,0x00000000f8c00000)
  to   space 22528K, 0% used [0x00000000fea00000,0x00000000fea00000,0x0000000100000000)
 ParOldGen       total 189440K, used 58270K [0x00000000a0000000, 0x00000000ab900000, 0x00000000e0000000)
  object space 189440K, 30% used [0x00000000a0000000,0x00000000a38e7b50,0x00000000ab900000)
 Metaspace       used 70832K, capacity 74656K, committed 75008K, reserved 1114112K
  class space    used 9413K, capacity 10156K, committed 10240K, reserved 1048576K
}
Event: 450.342 GC heap before
{Heap before GC invocations=19 (full 3):
 PSYoungGen      total 405504K, used 387926K [0x00000000e0000000, 0x0000000100000000, 0x0000000100000000)
  eden space 382464K, 100% used [0x00000000e0000000,0x00000000f7580000,0x00000000f7580000)
  from space 23040K, 23% used [0x00000000f7580000,0x00000000f7ad5970,0x00000000f8c00000)
  to   space 22528K, 0% used [0x00000000fea00000,0x00000000fea00000,0x0000000100000000)
 ParOldGen       total 189440K, used 58279K [0x00000000a0000000, 0x00000000ab900000, 0x00000000e0000000)
  object space 189440K, 30% used [0x00000000a0000000,0x00000000a38e9fc0,0x00000000ab900000)
 Metaspace       used 77178K, capacity 82386K, committed 82560K, reserved 1120256K
  class space    used 9991K, capacity 11100K, committed 11136K, reserved 1048576K
Event: 450.369 GC heap after
Heap after GC invocations=19 (full 3):
 PSYoungGen      total 494592K, used 22509K [0x00000000e0000000, 0x0000000100000000, 0x0000000100000000)
  eden space 472064K, 0% used [0x00000000e0000000,0x00000000e0000000,0x00000000fcd00000)
  from space 22528K, 99% used [0x00000000fea00000,0x00000000ffffb730,0x0000000100000000)
  to   space 26112K, 0% used [0x00000000fcd00000,0x00000000fcd00000,0x00000000fe680000)
 ParOldGen       total 189440K, used 58535K [0x00000000a0000000, 0x00000000ab900000, 0x00000000e0000000)
  object space 189440K, 30% used [0x00000000a0000000,0x00000000a3929fe0,0x00000000ab900000)
 Metaspace       used 77178K, capacity 82386K, committed 82560K, reserved 1120256K
  class space    used 9991K, capacity 11100K, committed 11136K, reserved 1048576K
}

